<?xml version="1.0" encoding="UTF-8"?>
<TestRun id="eec8b9f1-6695-40e1-87b1-e99a6c740f1c" name="04-user01@MICROSOF-76FC62 2020-02-17 12:44:56" runUser="MICROSOF-76FC62\04-user01" xmlns="http://microsoft.com/schemas/VisualStudio/TeamTest/2010">
  <TestSettings name="Локальные" id="fd56e045-bb1b-4f84-812d-ee06f58e8539">
    <Description>Это - параметры по умолчанию для локального тестового запуска.</Description>
    <Deployment enabled="false" runDeploymentRoot="04-user01_MICROSOF-76FC62 2020-02-17 12_44_56">
      <DeploymentItem filename="C:\Documents and Settings\04-user01.MICROSOF-76FC62.000\Рабочий стол\трпо\ChuguiLab1\Application\bin\Debug\Application.exe" />
    </Deployment>
    <Execution>
      <TestTypeSpecific />
      <AgentRule name="Execution Agents">
      </AgentRule>
    </Execution>
  </TestSettings>
  <Times creation="2020-02-17T12:44:56.9531250+03:00" queuing="2020-02-17T12:44:58.1093750+03:00" start="2020-02-17T12:44:58.3906250+03:00" finish="2020-02-17T12:45:00.8125000+03:00" />
  <ResultSummary outcome="Completed">
    <Counters total="1" executed="1" passed="1" error="0" failed="0" timeout="0" aborted="0" inconclusive="0" passedButRunAborted="0" notRunnable="0" notExecuted="0" disconnected="0" warning="0" completed="0" inProgress="0" pending="0" />
  </ResultSummary>
  <TestDefinitions>
    <UnitTest name="ArrayProcessorAll" storage="c:\documents and settings\04-user01.microsof-76fc62.000\рабочий стол\трпо\chuguilab1\chuguilab1\bin\debug\chuguilab1.dll" id="43ab9d73-7439-f6ff-cded-3c6b9921ee3b">
      <Execution id="10d8f206-d981-467a-81c4-3a91e7fcf62f" />
      <TestMethod codeBase="C:/Documents and Settings/04-user01.MICROSOF-76FC62.000/Рабочий стол/трпо/ChuguiLab1/ChuguiLab1/bin/Debug/ChuguiLab1.DLL" adapterTypeName="Microsoft.VisualStudio.TestTools.TestTypes.Unit.UnitTestAdapter, Microsoft.VisualStudio.QualityTools.Tips.UnitTest.Adapter, Version=10.0.0.0, Culture=neutral, PublicKeyToken=b03f5f7f11d50a3a" className="ChuguiLab1.UnitTest1, ChuguiLab1, Version=1.0.0.0, Culture=neutral, PublicKeyToken=null" name="ArrayProcessorAll" />
    </UnitTest>
  </TestDefinitions>
  <TestLists>
    <TestList name="Отсутствующие в списке результаты" id="8c84fa94-04c1-424b-9868-57a2d4851a1d" />
    <TestList name="Все загруженные результаты" id="19431567-8539-422a-85d7-44ee4e166bda" />
  </TestLists>
  <TestEntries>
    <TestEntry testId="43ab9d73-7439-f6ff-cded-3c6b9921ee3b" executionId="10d8f206-d981-467a-81c4-3a91e7fcf62f" testListId="8c84fa94-04c1-424b-9868-57a2d4851a1d" />
  </TestEntries>
  <Results>
    <UnitTestResult executionId="10d8f206-d981-467a-81c4-3a91e7fcf62f" testId="43ab9d73-7439-f6ff-cded-3c6b9921ee3b" testName="ArrayProcessorAll" computerName="MICROSOF-76FC62" duration="00:00:00.0480245" startTime="2020-02-17T12:44:58.6718750+03:00" endTime="2020-02-17T12:45:00.3750000+03:00" testType="13cdc9d9-ddb5-4fa4-a97d-d965ccfc6d4b" outcome="Passed" testListId="8c84fa94-04c1-424b-9868-57a2d4851a1d" relativeResultsDirectory="10d8f206-d981-467a-81c4-3a91e7fcf62f">
    </UnitTestResult>
  </Results>
</TestRun>