<?xml version="1.0" encoding="UTF-8"?>
<TestRun id="8bc963c7-7fac-4344-b9a5-0f32deabfdb5" name="04-user01@MICROSOF-76FC62 2020-02-17 12:20:59" runUser="MICROSOF-76FC62\04-user01" xmlns="http://microsoft.com/schemas/VisualStudio/TeamTest/2010">
  <TestSettings name="Локальные" id="fd56e045-bb1b-4f84-812d-ee06f58e8539">
    <Description>Это - параметры по умолчанию для локального тестового запуска.</Description>
    <Deployment enabled="false" runDeploymentRoot="04-user01_MICROSOF-76FC62 2020-02-17 12_20_59">
      <DeploymentItem filename="C:\Documents and Settings\04-user01.MICROSOF-76FC62.000\Рабочий стол\трпо\ChuguiLab1\Application\bin\Debug\Application.exe" />
    </Deployment>
    <Execution>
      <TestTypeSpecific />
      <AgentRule name="Execution Agents">
      </AgentRule>
    </Execution>
  </TestSettings>
  <Times creation="2020-02-17T12:20:59.7031250+03:00" queuing="2020-02-17T12:20:59.7500000+03:00" start="2020-02-17T12:20:59.8906250+03:00" finish="2020-02-17T12:21:02.1875000+03:00" />
  <ResultSummary outcome="Failed">
    <Counters total="1" executed="1" error="0" failed="1" timeout="0" aborted="0" inconclusive="0" passedButRunAborted="0" notRunnable="0" notExecuted="0" disconnected="0" warning="0" passed="0" completed="0" inProgress="0" pending="0" />
  </ResultSummary>
  <TestDefinitions>
    <UnitTest name="ArrayProcessorNegative" storage="c:\documents and settings\04-user01.microsof-76fc62.000\рабочий стол\трпо\chuguilab1\chuguilab1\bin\debug\chuguilab1.dll" id="bd018364-a98b-f042-56e4-1f337a002b4a">
      <Execution id="eb7cf581-7fe7-498a-be75-09b8a291fee3" />
      <TestMethod codeBase="C:/Documents and Settings/04-user01.MICROSOF-76FC62.000/Рабочий стол/трпо/ChuguiLab1/ChuguiLab1/bin/Debug/ChuguiLab1.DLL" adapterTypeName="Microsoft.VisualStudio.TestTools.TestTypes.Unit.UnitTestAdapter, Microsoft.VisualStudio.QualityTools.Tips.UnitTest.Adapter, Version=10.0.0.0, Culture=neutral, PublicKeyToken=b03f5f7f11d50a3a" className="ChuguiLab1.UnitTest1, ChuguiLab1, Version=1.0.0.0, Culture=neutral, PublicKeyToken=null" name="ArrayProcessorNegative" />
    </UnitTest>
  </TestDefinitions>
  <TestLists>
    <TestList name="Отсутствующие в списке результаты" id="8c84fa94-04c1-424b-9868-57a2d4851a1d" />
    <TestList name="Все загруженные результаты" id="19431567-8539-422a-85d7-44ee4e166bda" />
  </TestLists>
  <TestEntries>
    <TestEntry testId="bd018364-a98b-f042-56e4-1f337a002b4a" executionId="eb7cf581-7fe7-498a-be75-09b8a291fee3" testListId="8c84fa94-04c1-424b-9868-57a2d4851a1d" />
  </TestEntries>
  <Results>
    <UnitTestResult executionId="eb7cf581-7fe7-498a-be75-09b8a291fee3" testId="bd018364-a98b-f042-56e4-1f337a002b4a" testName="ArrayProcessorNegative" computerName="MICROSOF-76FC62" duration="00:00:00.0864973" startTime="2020-02-17T12:21:00.1718750+03:00" endTime="2020-02-17T12:21:01.8593750+03:00" testType="13cdc9d9-ddb5-4fa4-a97d-d965ccfc6d4b" outcome="Failed" testListId="8c84fa94-04c1-424b-9868-57a2d4851a1d" relativeResultsDirectory="eb7cf581-7fe7-498a-be75-09b8a291fee3">
      <Output>
        <ErrorInfo>
          <Message>Ошибка в Assert.AreEqual. Ожидается: &lt;System.Double[]&gt;. Фактически: &lt;System.Double[]&gt;. </Message>
          <StackTrace>   в ChuguiLab1.UnitTest1.ArrayProcessorNegative() в C:\Documents and Settings\04-user01.MICROSOF-76FC62.000\Рабочий стол\трпо\ChuguiLab1\ChuguiLab1\UnitTest1.cs:строка 107
</StackTrace>
        </ErrorInfo>
      </Output>
    </UnitTestResult>
  </Results>
</TestRun>